<?xml version="1.0" encoding="UTF-8"?>
<testsuite xmlns:xsi="http://www.w3.org/2001/XMLSchema-instance" xsi:noNamespaceSchemaLocation="https://maven.apache.org/surefire/maven-surefire-plugin/xsd/surefire-test-report-3.0.xsd" version="3.0" name="org.cruk.clarity.api.ClarityAPIPaginatedBatchTest" time="1.766" tests="4" errors="0" skipped="0" failures="0">
  <properties>
[...]
</properties>
  <testcase name="testMultipageFetchFind1" classname="org.cruk.clarity.api.ClarityAPIPaginatedBatchTest" time="0.182"/>
  <testcase name="testMultipageFetchFind2" classname="org.cruk.clarity.api.ClarityAPIPaginatedBatchTest" time="0.142"/>
  <testcase name="testMultipageFetchListSome1" classname="org.cruk.clarity.api.ClarityAPIPaginatedBatchTest" time="0.007"/>
  <testcase name="testMultipageFetchListSome2" classname="org.cruk.clarity.api.ClarityAPIPaginatedBatchTest" time="0.026"/>
</testsuite>